-------------------------------------------------------------------------------
Test set: com.parkit.parkingsystem.FareCalculatorServiceTest
-------------------------------------------------------------------------------
Tests run: 11, Failures: 0, Errors: 0, Skipped: 0, Time elapsed: 0.056 s - in com.parkit.parkingsystem.FareCalculatorServiceTest


-------------------------------------------------------------------------------
Test set: com.parkit.parkingsystem.ParkingServiceTest
-------------------------------------------------------------------------------
Tests run: 6, Failures: 0, Errors: 0, Skipped: 0, Time elapsed: 0.486 s - in com.parkit.parkingsystem.ParkingServiceTest


-------------------------------------------------------------------------------
Test set: com.parkit.parkingsystem.integration.dao.TicketDAOTest
-------------------------------------------------------------------------------
Tests run: 7, Failures: 0, Errors: 0, Skipped: 0, Time elapsed: 0.205 s - in com.parkit.parkingsystem.integration.dao.TicketDAOTest


-------------------------------------------------------------------------------
Test set: com.parkit.parkingsystem.integration.dao.ParkingSpotDAOTest
-------------------------------------------------------------------------------
Tests run: 4, Failures: 0, Errors: 0, Skipped: 0, Time elapsed: 1.192 s - in com.parkit.parkingsystem.integration.dao.ParkingSpotDAOTest